[2021-06-26 14:18:47,995 INFO main - main:] **************************************************Start Of Process**************************************************
[2021-06-26 14:18:48,009 INFO parsedata - _read_data_from_file:] File data\consol_trans_18_June_2021.txt sucessfully read, found 505 records

[2021-06-26 14:18:48,009 DEBUG parsedata - parse_mf_data:] Parsing data for MF DSP Small Cap Fund-Direct Plan-Growth
[2021-06-26 14:18:48,013 DEBUG parsedata - parse_mf_data:] Latest Nav:98.222, Nav Date:98.222
[2021-06-26 14:18:48,013 DEBUG parsedata - parse_mf_data:] Parsing data for MF Franklin India Flexi Cap Fund-Direct-Growth
[2021-06-26 14:18:48,014 DEBUG parsedata - parse_mf_data:] Latest Nav:903.5355, Nav Date:903.5355
[2021-06-26 14:18:48,015 DEBUG parsedata - parse_mf_data:] Parsing data for MF Franklin India Smaller Companies Fund-Direct-Growth
[2021-06-26 14:18:48,015 DEBUG parsedata - parse_mf_data:] Latest Nav:83.3396, Nav Date:83.3396
[2021-06-26 14:18:48,015 DEBUG parsedata - parse_mf_data:] Parsing data for MF Franklin India Ultra Short Bond Fund Super Institutional Plan-Direct-Growth
[2021-06-26 14:18:48,016 DEBUG parsedata - parse_mf_data:] Latest Nav:30.2922, Nav Date:30.2922
[2021-06-26 14:18:48,016 DEBUG parsedata - parse_mf_data:] Parsing data for MF Franklin India Low Duration Fund-Direct-Growth
[2021-06-26 14:18:48,016 DEBUG parsedata - parse_mf_data:] Latest Nav:24.2658, Nav Date:24.2658
[2021-06-26 14:18:48,016 DEBUG parsedata - parse_mf_data:] Parsing data for MF Franklin India Low Duration Fund-Segregated Portfolio 2 )-Growth
[2021-06-26 14:18:48,016 DEBUG parsedata - parse_mf_data:] Latest Nav:0.0, MF SchemeFranklin India Low Duration Fund-Segregated Portfolio 2 )-Growth will be ignored
[2021-06-26 14:18:48,017 DEBUG parsedata - parse_mf_data:] Parsing data for MF HDFC Top 100 Fund-Direct Plan-Growth Option
[2021-06-26 14:18:48,017 DEBUG parsedata - parse_mf_data:] Latest Nav:661.419, Nav Date:661.419
[2021-06-26 14:18:48,017 DEBUG parsedata - parse_mf_data:] Parsing data for MF ICICI Prudential All Seasons Bond Fund-Direct Plan-Growth
[2021-06-26 14:18:48,017 DEBUG parsedata - parse_mf_data:] Latest Nav:29.7814, Nav Date:29.7814
[2021-06-26 14:18:48,017 DEBUG parsedata - parse_mf_data:] Parsing data for MF ICICI Prudential Banking and PSU Debt Fund-Direct Plan-Growth
[2021-06-26 14:18:48,018 DEBUG parsedata - parse_mf_data:] Latest Nav:26.0015, Nav Date:26.0015
[2021-06-26 14:18:48,018 DEBUG parsedata - parse_mf_data:] Parsing data for MF ICICI Prudential Long Term Equity Fund-Direct Plan-Growth
[2021-06-26 14:18:48,018 DEBUG parsedata - parse_mf_data:] Latest Nav:562.58, Nav Date:562.58
[2021-06-26 14:18:48,018 DEBUG parsedata - parse_mf_data:] Parsing data for MF ICICI Prudential Nifty Next 50 Index Fund-Direct Plan-Growth
[2021-06-26 14:18:48,019 DEBUG parsedata - parse_mf_data:] Latest Nav:35.1068, Nav Date:35.1068
[2021-06-26 14:18:48,019 DEBUG parsedata - parse_mf_data:] Parsing data for MF ICICI Prudential US Bluechip Equity Fund-Direct Plan-Growth
[2021-06-26 14:18:48,020 DEBUG parsedata - parse_mf_data:] Latest Nav:47.99, Nav Date:47.99
[2021-06-26 14:18:48,020 DEBUG parsedata - parse_mf_data:] Parsing data for MF ICICI Prudential Value Discovery Fund-Direct Plan-Growth
[2021-06-26 14:18:48,022 DEBUG parsedata - parse_mf_data:] Latest Nav:230.32, Nav Date:230.32
[2021-06-26 14:18:48,022 DEBUG parsedata - parse_mf_data:] Parsing data for MF Mirae Asset Emerging Bluechip Fund-Direct Plan-Growth
[2021-06-26 14:18:48,024 DEBUG parsedata - parse_mf_data:] Latest Nav:93.405, Nav Date:93.405
[2021-06-26 14:18:48,024 DEBUG parsedata - parse_mf_data:] Parsing data for MF Mirae Asset Large Cap Fund-Direct Plan-Growth
[2021-06-26 14:18:48,024 DEBUG parsedata - parse_mf_data:] Latest Nav:76.139, Nav Date:76.139
[2021-06-26 14:18:48,024 DEBUG parsedata - parse_mf_data:] Parsing data for MF Mirae Asset Tax Saver Fund-Direct-Growth
[2021-06-26 14:18:48,024 DEBUG parsedata - parse_mf_data:] Latest Nav:30.121, Nav Date:30.121
[2021-06-26 14:18:48,027 DEBUG parsedata - parse_mf_data:] Number of Mutual Funds Scheme: 15

[2021-06-26 14:18:48,027 DEBUG capitalgains - _set_gf_nav:] Setting Grandfathered NAV for all Schemes for NAV date 18-JAN-2018
[2021-06-26 14:18:48,102 WARNING capitalgains - _set_gf_nav:] Schemes below  are removed as  Grandfathered NAV was not Found
[2021-06-26 14:18:48,103 WARNING capitalgains - _set_gf_nav:] Franklin India Ultra Short Bond Fund Super Institutional Plan-Direct-Growth
[2021-06-26 14:18:48,103 WARNING capitalgains - _set_gf_nav:] ICICI Prudential Long Term Equity Fund-Direct Plan-Growth
[2021-06-26 14:18:48,103 WARNING capitalgains - _set_gf_nav:] Mirae Asset Tax Saver Fund-Direct-Growth
[2021-06-26 14:18:48,105 INFO capitalgains - _calculate_capital_gains:] No Missing data Found:
[2021-06-26 14:18:48,222 INFO capitalgains - calc_units_to_sell:] For Scheme DSP Small Cap Fund-Direct Plan-Growth: Sell 3563.92 units for LTCG of 100000.0
[2021-06-26 14:18:48,228 INFO capitalgains - calc_units_to_sell:] For Scheme Franklin India Flexi Cap Fund-Direct-Growth: Sell 376.05 units for LTCG of 100000.0
[2021-06-26 14:18:48,231 INFO capitalgains - calc_units_to_sell:] For Scheme Franklin India Smaller Companies Fund-Direct-Growth: Sell 5582.73 units for LTCG of 100000.0
[2021-06-26 14:18:48,234 INFO capitalgains - calc_units_to_sell:] For Scheme Franklin India Low Duration Fund-Direct-Growth Total LTCG 68423.93 is less than target LTCG 100000.0: Sell 15952.61 units for LTCG of 68423.93
[2021-06-26 14:18:48,237 INFO capitalgains - calc_units_to_sell:] For Scheme HDFC Top 100 Fund-Direct Plan-Growth Option: Sell 612.03 units for LTCG of 100000.0
[2021-06-26 14:18:48,240 INFO capitalgains - calc_units_to_sell:] For Scheme ICICI Prudential All Seasons Bond Fund-Direct Plan-Growth: Sell 12587.17 units for LTCG of 100000.0
[2021-06-26 14:18:48,243 INFO capitalgains - calc_units_to_sell:] For Scheme ICICI Prudential Banking and PSU Debt Fund-Direct Plan-Growth: Sell 16322.26 units for LTCG of 100000.0
[2021-06-26 14:18:48,249 INFO capitalgains - calc_units_to_sell:] For Scheme ICICI Prudential Nifty Next 50 Index Fund-Direct Plan-Growth: Sell 11887.39 units for LTCG of 100000.0
[2021-06-26 14:18:48,252 INFO capitalgains - calc_units_to_sell:] For Scheme ICICI Prudential US Bluechip Equity Fund-Direct Plan-Growth No LTCG exists hence calculation is not applicable
[2021-06-26 14:18:48,259 INFO capitalgains - calc_units_to_sell:] For Scheme ICICI Prudential Value Discovery Fund-Direct Plan-Growth: Sell 1375.89 units for LTCG of 100000.0
[2021-06-26 14:18:48,263 INFO capitalgains - calc_units_to_sell:] For Scheme Mirae Asset Emerging Bluechip Fund-Direct Plan-Growth: Sell 2639.81 units for LTCG of 100000.0
[2021-06-26 14:18:48,266 INFO capitalgains - calc_units_to_sell:] For Scheme Mirae Asset Large Cap Fund-Direct Plan-Growth: Sell 3689.22 units for LTCG of 100000.0
[2021-06-26 14:18:48,314 INFO capitalgains - prepare_final_data:] File: data\output\output_mf_totals.csv written to disk
[2021-06-26 14:18:48,321 INFO capitalgains - prepare_final_data:] File: data\output\output_mf_transactions.csv written to disk

[2021-06-26 14:18:48,322 INFO main - main:] **************************************************End Of Process**************************************************

[2021-06-26 14:18:49,502 INFO main - main:] **************************************************Start Of Process**************************************************
[2021-06-26 14:18:49,503 INFO parsedata - _read_data_from_file:] File data\consol_trans_18_June_2021.txt sucessfully read, found 505 records

[2021-06-26 14:18:49,504 DEBUG parsedata - parse_mf_data:] Parsing data for MF DSP Small Cap Fund-Direct Plan-Growth
[2021-06-26 14:18:49,507 DEBUG parsedata - parse_mf_data:] Latest Nav:98.222, Nav Date:98.222
[2021-06-26 14:18:49,508 DEBUG parsedata - parse_mf_data:] Parsing data for MF Franklin India Flexi Cap Fund-Direct-Growth
[2021-06-26 14:18:49,509 DEBUG parsedata - parse_mf_data:] Latest Nav:903.5355, Nav Date:903.5355
[2021-06-26 14:18:49,509 DEBUG parsedata - parse_mf_data:] Parsing data for MF Franklin India Smaller Companies Fund-Direct-Growth
[2021-06-26 14:18:49,510 DEBUG parsedata - parse_mf_data:] Latest Nav:83.3396, Nav Date:83.3396
[2021-06-26 14:18:49,510 DEBUG parsedata - parse_mf_data:] Parsing data for MF Franklin India Ultra Short Bond Fund Super Institutional Plan-Direct-Growth
[2021-06-26 14:18:49,510 DEBUG parsedata - parse_mf_data:] Latest Nav:30.2922, Nav Date:30.2922
[2021-06-26 14:18:49,511 DEBUG parsedata - parse_mf_data:] Parsing data for MF Franklin India Low Duration Fund-Direct-Growth
[2021-06-26 14:18:49,511 DEBUG parsedata - parse_mf_data:] Latest Nav:24.2658, Nav Date:24.2658
[2021-06-26 14:18:49,511 DEBUG parsedata - parse_mf_data:] Parsing data for MF Franklin India Low Duration Fund-Segregated Portfolio 2 )-Growth
[2021-06-26 14:18:49,511 DEBUG parsedata - parse_mf_data:] Latest Nav:0.0, MF SchemeFranklin India Low Duration Fund-Segregated Portfolio 2 )-Growth will be ignored
[2021-06-26 14:18:49,511 DEBUG parsedata - parse_mf_data:] Parsing data for MF HDFC Top 100 Fund-Direct Plan-Growth Option
[2021-06-26 14:18:49,512 DEBUG parsedata - parse_mf_data:] Latest Nav:661.419, Nav Date:661.419
[2021-06-26 14:18:49,512 DEBUG parsedata - parse_mf_data:] Parsing data for MF ICICI Prudential All Seasons Bond Fund-Direct Plan-Growth
[2021-06-26 14:18:49,512 DEBUG parsedata - parse_mf_data:] Latest Nav:29.7814, Nav Date:29.7814
[2021-06-26 14:18:49,512 DEBUG parsedata - parse_mf_data:] Parsing data for MF ICICI Prudential Banking and PSU Debt Fund-Direct Plan-Growth
[2021-06-26 14:18:49,513 DEBUG parsedata - parse_mf_data:] Latest Nav:26.0015, Nav Date:26.0015
[2021-06-26 14:18:49,513 DEBUG parsedata - parse_mf_data:] Parsing data for MF ICICI Prudential Long Term Equity Fund-Direct Plan-Growth
[2021-06-26 14:18:49,513 DEBUG parsedata - parse_mf_data:] Latest Nav:562.58, Nav Date:562.58
[2021-06-26 14:18:49,513 DEBUG parsedata - parse_mf_data:] Parsing data for MF ICICI Prudential Nifty Next 50 Index Fund-Direct Plan-Growth
[2021-06-26 14:18:49,514 DEBUG parsedata - parse_mf_data:] Latest Nav:35.1068, Nav Date:35.1068
[2021-06-26 14:18:49,514 DEBUG parsedata - parse_mf_data:] Parsing data for MF ICICI Prudential US Bluechip Equity Fund-Direct Plan-Growth
[2021-06-26 14:18:49,515 DEBUG parsedata - parse_mf_data:] Latest Nav:47.99, Nav Date:47.99
[2021-06-26 14:18:49,515 DEBUG parsedata - parse_mf_data:] Parsing data for MF ICICI Prudential Value Discovery Fund-Direct Plan-Growth
[2021-06-26 14:18:49,517 DEBUG parsedata - parse_mf_data:] Latest Nav:230.32, Nav Date:230.32
[2021-06-26 14:18:49,517 DEBUG parsedata - parse_mf_data:] Parsing data for MF Mirae Asset Emerging Bluechip Fund-Direct Plan-Growth
[2021-06-26 14:18:49,518 DEBUG parsedata - parse_mf_data:] Latest Nav:93.405, Nav Date:93.405
[2021-06-26 14:18:49,519 DEBUG parsedata - parse_mf_data:] Parsing data for MF Mirae Asset Large Cap Fund-Direct Plan-Growth
[2021-06-26 14:18:49,519 DEBUG parsedata - parse_mf_data:] Latest Nav:76.139, Nav Date:76.139
[2021-06-26 14:18:49,519 DEBUG parsedata - parse_mf_data:] Parsing data for MF Mirae Asset Tax Saver Fund-Direct-Growth
[2021-06-26 14:18:49,519 DEBUG parsedata - parse_mf_data:] Latest Nav:30.121, Nav Date:30.121
[2021-06-26 14:18:49,521 DEBUG parsedata - parse_mf_data:] Number of Mutual Funds Scheme: 15

[2021-06-26 14:18:49,522 DEBUG capitalgains - _set_gf_nav:] Setting Grandfathered NAV for all Schemes for NAV date 18-JAN-2018
[2021-06-26 14:18:49,564 WARNING capitalgains - _set_gf_nav:] Schemes below  are removed as  Grandfathered NAV was not Found
[2021-06-26 14:18:49,565 WARNING capitalgains - _set_gf_nav:] Mirae Asset Tax Saver Fund-Direct-Growth
[2021-06-26 14:18:49,565 WARNING capitalgains - _set_gf_nav:] Franklin India Ultra Short Bond Fund Super Institutional Plan-Direct-Growth
[2021-06-26 14:18:49,566 WARNING capitalgains - _set_gf_nav:] ICICI Prudential Long Term Equity Fund-Direct Plan-Growth
[2021-06-26 14:18:49,568 INFO capitalgains - _calculate_capital_gains:] No Missing data Found:
[2021-06-26 14:18:49,695 INFO capitalgains - calc_units_to_sell:] For Scheme DSP Small Cap Fund-Direct Plan-Growth: Sell 3563.92 units for LTCG of 100000.0
[2021-06-26 14:18:49,700 INFO capitalgains - calc_units_to_sell:] For Scheme Franklin India Flexi Cap Fund-Direct-Growth: Sell 376.05 units for LTCG of 100000.0
[2021-06-26 14:18:49,704 INFO capitalgains - calc_units_to_sell:] For Scheme Franklin India Smaller Companies Fund-Direct-Growth: Sell 5582.73 units for LTCG of 100000.0
[2021-06-26 14:18:49,708 INFO capitalgains - calc_units_to_sell:] For Scheme Franklin India Low Duration Fund-Direct-Growth Total LTCG 68423.93 is less than target LTCG 100000.0: Sell 15952.61 units for LTCG of 68423.93
[2021-06-26 14:18:49,710 INFO capitalgains - calc_units_to_sell:] For Scheme HDFC Top 100 Fund-Direct Plan-Growth Option: Sell 612.03 units for LTCG of 100000.0
[2021-06-26 14:18:49,712 INFO capitalgains - calc_units_to_sell:] For Scheme ICICI Prudential All Seasons Bond Fund-Direct Plan-Growth: Sell 12587.17 units for LTCG of 100000.0
[2021-06-26 14:18:49,714 INFO capitalgains - calc_units_to_sell:] For Scheme ICICI Prudential Banking and PSU Debt Fund-Direct Plan-Growth: Sell 16322.26 units for LTCG of 100000.0
[2021-06-26 14:18:49,721 INFO capitalgains - calc_units_to_sell:] For Scheme ICICI Prudential Nifty Next 50 Index Fund-Direct Plan-Growth: Sell 11887.39 units for LTCG of 100000.0
[2021-06-26 14:18:49,724 INFO capitalgains - calc_units_to_sell:] For Scheme ICICI Prudential US Bluechip Equity Fund-Direct Plan-Growth No LTCG exists hence calculation is not applicable
[2021-06-26 14:18:49,729 INFO capitalgains - calc_units_to_sell:] For Scheme ICICI Prudential Value Discovery Fund-Direct Plan-Growth: Sell 1375.89 units for LTCG of 100000.0
[2021-06-26 14:18:49,732 INFO capitalgains - calc_units_to_sell:] For Scheme Mirae Asset Emerging Bluechip Fund-Direct Plan-Growth: Sell 2639.81 units for LTCG of 100000.0
[2021-06-26 14:18:49,737 INFO capitalgains - calc_units_to_sell:] For Scheme Mirae Asset Large Cap Fund-Direct Plan-Growth: Sell 3689.22 units for LTCG of 100000.0
[2021-06-26 14:18:49,776 INFO capitalgains - prepare_final_data:] File: data\output\output_mf_totals.csv written to disk
[2021-06-26 14:18:49,782 INFO capitalgains - prepare_final_data:] File: data\output\output_mf_transactions.csv written to disk

[2021-06-26 14:18:49,783 INFO main - main:] **************************************************End Of Process**************************************************

